Γû▓ Next.js 16.1.6 (Turbopack)

  Creating an optimized production build ...
node.exe : 
At C:\Program 
Files\nodejs\npx.ps1:29 
char:3
+   & $NODE_EXE $NPX_CLI_JS 
$args
+   
~~~~~~~~~~~~~~~~~~~~~~~~~~~~~
    + CategoryInfo           
   : NotSpecified: (:String  
  ) [], RemoteException
    + FullyQualifiedErrorId  
   : NativeCommandError
 
> Build error occurred
Error: Turbopack build 
failed with 1 errors:
./app/layout.tsx:3:1
Module not found: Can't 
resolve 
'../../styles/globals.css'
[0m [90m 1 |[39m 
[36mimport[39m { 
[33mAuthGuard[39m } 
[36mfrom[39m [32m"@/compon
ents/Auth/AuthGuard"[39m[33
m;[39m
 [90m 2 |[39m 
[36mimport[39m { 
[33mAppShell[39m } 
[36mfrom[39m [32m"@/compon
ents/Layout/AppShell"[39m[3
3m;[39m
[31m[1m>[22m[39m[90m 3 
|[39m [36mimport[39m [32m
"../../styles/globals.css"[3
9m[33m;[39m
 [90m   |[39m [31m[1m^[2
2m[39m[31m[1m^[22m[39m[
31m[1m^[22m[39m[31m[1m^
[22m[39m[31m[1m^[22m[39m
[31m[1m^[22m[39m[31m[1m
^[22m[39m[31m[1m^[22m[3
9m[31m[1m^[22m[39m[31m[
1m^[22m[39m[31m[1m^[22m
[39m[31m[1m^[22m[39m[31m
[1m^[22m[39m[31m[1m^[22
m[39m[31m[1m^[22m[39m[3
1m[1m^[22m[39m[31m[1m^[
22m[39m[31m[1m^[22m[39m
[31m[1m^[22m[39m[31m[1m^
[22m[39m[31m[1m^[22m[39
m[31m[1m^[22m[39m[31m[1
m^[22m[39m[31m[1m^[22m[
39m[31m[1m^[22m[39m[31m
[1m^[22m[39m[31m[1m^[22m
[39m[31m[1m^[22m[39m[31
m[1m^[22m[39m[31m[1m^[2
2m[39m[31m[1m^[22m[39m[
31m[1m^[22m[39m[31m[1m^
[22m[39m[31m[1m^[22m[39m
 [90m 4 |[39m
 [90m 5 |[39m 
[36mexport[39m 
[36mconst[39m metadata 
[33m=[39m {
 [90m 6 |[39m   
title[33m:[39m 
[32m"Learning Management 
System"[39m[33m,[39m[0m



https://nextjs.org/docs/messa
ges/module-not-found


    at <unknown> 
(./app/layout.tsx:3:1)
    at <unknown> (https://nex
tjs.org/docs/messages/module-
not-found)
